<?xml version="1.0" encoding="UTF-8"?>
<!-- Generated by org.testng.reporters.JUnitXMLReporter -->
<testsuite ignored="0" hostname="LAPTOP-NRG3L2KA" failures="0" tests="4" name="Test" time="0.036" errors="0" timestamp="2021-05-19T22:49:36 IST">
  <testcase classname="PracticePro.RestTest" name="farewell" time="0.004"/>
  <testcase classname="PracticePro.RestTest" name="welcome" time="0.0"/>
  <testcase classname="PracticePro.NewoneTest" name="nanban" time="0.0"/>
  <testcase classname="PracticePro.SeleniumTest" name="method1" time="0.001"/>
</testsuite> <!-- Test -->
